[ 2023-06-13 15:51:37,712 ] 23 root - INFO - data ingestion methods starts
[ 2023-06-13 15:51:46,540 ] 27 root - INFO - dataset read as pandas DataFrame
[ 2023-06-13 15:51:47,286 ] 31 root - INFO - train test split
[ 2023-06-13 15:51:48,092 ] 37 root - INFO - Ingestion of data is completed
[ 2023-06-13 15:51:48,274 ] 78 root - INFO - Read train and test data completed
[ 2023-06-13 15:51:48,279 ] 79 root - INFO - Train Dataframe Head : 
   Unnamed: 0      id  carat      cut color clarity  depth  table     x     y     z  price
0      159910  159910   1.08  Premium     H     VS2   62.2   58.0  6.57  6.53  4.08   5260
1      179111  179111   1.01     Good     G     VS2   63.6   56.0  6.37  6.30  4.03   6532
2       29538   29538   0.31    Ideal     G     VS2   62.9   54.0  4.35  4.30  2.72    698
3      166251  166251   0.37    Ideal     F     VS2   61.8   55.0  4.61  4.66  2.86    727
4       73081   73081   1.71    Ideal     H     VS1   60.3   56.0  7.76  7.78  4.68  15032
[ 2023-06-13 15:51:48,282 ] 80 root - INFO - Test Dataframe Head  : 
       id  carat        cut color clarity  depth  table     x     y     z  price
0   58143   0.33    Premium     G     VS1   60.2   58.0  4.49  4.47  2.69    666
1   61279   1.00  Very Good     E     SI1   63.1   57.0  6.37  6.33  4.02   5006
2  164400   1.58    Premium     D     SI1   63.0   58.0  7.40  7.31  4.64  12078
3   96600   0.60      Ideal     F     VS1   61.9   55.0  5.39  5.43  3.35   1991
4  159718   1.60      Ideal     E     VS1   61.8   56.0  7.45  7.52  4.63  17513
[ 2023-06-13 15:51:48,282 ] 82 root - INFO - Obtaining preprocessing object
[ 2023-06-13 15:51:48,282 ] 27 root - INFO - Data Transformation initiated
[ 2023-06-13 15:51:48,282 ] 37 root - INFO - Pipeline Initiated
[ 2023-06-13 15:51:48,513 ] 99 root - INFO - Applying preprocessing object on training and testing datasets.
[ 2023-06-13 15:51:48,519 ] 120 root - INFO - Exception occured in the initiate_datatransformation
