[ 2023-06-13 15:41:25,370 ] 23 root - INFO - data ingestion methods starts
[ 2023-06-13 15:41:33,215 ] 27 root - INFO - dataset read as pandas DataFrame
[ 2023-06-13 15:41:33,952 ] 31 root - INFO - train test split
[ 2023-06-13 15:41:34,778 ] 37 root - INFO - Ingestion of data is completed
[ 2023-06-13 15:41:34,961 ] 78 root - INFO - Read train and test data completed
[ 2023-06-13 15:41:34,969 ] 79 root - INFO - Train Dataframe Head : 
   Unnamed: 0      id  carat        cut color clarity  depth  table     x     y     z  price
0      157918  157918   0.30  Very Good     D    VVS2   63.2   55.0  4.26  4.29  2.70    754
1      112121  112121   0.36      Ideal     F     VS2   61.0   54.0  4.63  4.60  2.82    906
2       57572   57572   0.39    Premium     F     VS2   59.9   60.0  4.74  4.70  2.83    867
3       92273   92273   1.34      Ideal     H     VS1   61.8   56.0  7.11  7.07  4.38   8780
4      112293  112293   1.21      Ideal     E     VS1   61.7   60.0  6.83  6.86  4.22  10478
[ 2023-06-13 15:41:34,972 ] 80 root - INFO - Test Dataframe Head  : 
       id  carat        cut color clarity  depth  table     x     y     z  price
0   87168   1.03    Premium     F     VS2   62.8   57.0  6.43  6.40  4.03   6944
1   22592   1.50      Ideal     H     VS1   62.0   56.0  7.33  7.37  4.55  12681
2    9446   0.59  Very Good     J     VS2   62.3   55.0  5.35  5.39  3.35   1197
3  180392   0.31    Premium     G     VS2   60.3   60.0  4.40  4.36  2.64    628
4  149495   1.05      Ideal     G     VS2   62.3   57.0  6.47  6.52  4.05   6618
[ 2023-06-13 15:41:34,972 ] 82 root - INFO - Obtaining preprocessing object
[ 2023-06-13 15:41:34,972 ] 27 root - INFO - Data Transformation initiated
[ 2023-06-13 15:41:34,972 ] 37 root - INFO - Pipeline Initiated
[ 2023-06-13 15:41:35,240 ] 99 root - INFO - Applying preprocessing object on training and testing datasets.
[ 2023-06-13 15:41:35,249 ] 120 root - INFO - Exception occured in the initiate_datatransformation
