[ 2023-06-13 15:57:11,306 ] 23 root - INFO - data ingestion methods starts
[ 2023-06-13 15:57:21,155 ] 27 root - INFO - dataset read as pandas DataFrame
[ 2023-06-13 15:57:22,017 ] 31 root - INFO - train test split
[ 2023-06-13 15:57:22,852 ] 37 root - INFO - Ingestion of data is completed
[ 2023-06-13 15:57:23,041 ] 78 root - INFO - Read train and test data completed
[ 2023-06-13 15:57:23,046 ] 79 root - INFO - Train Dataframe Head : 
   Unnamed: 0      id  carat        cut color clarity  depth  table     x     y     z  price
0      146376  146376   0.53      Ideal     D     SI1   62.2   55.0  5.17  5.19  3.22   1548
1        3886    3886   1.00  Very Good     F     SI2   63.2   58.0  6.32  6.37  4.02   4466
2       94854   94854   0.26  Very Good     E      IF   62.1   59.0  4.09  4.13  2.55    547
3       52484   52484   0.70       Good     E     VS2   64.5   56.0  5.56  5.58  3.58   2453
4       42503   42503   1.20    Premium     H     SI1   61.9   58.0  6.84  6.81  4.23   6208
[ 2023-06-13 15:57:23,052 ] 80 root - INFO - Test Dataframe Head  : 
       id  carat        cut color clarity  depth  table     x     y     z  price
0   86008   0.42    Premium     D     VS2   61.5   58.0  4.77  4.80  2.95   1002
1  126601   1.20       Good     I     SI1   63.3   56.0  6.75  6.78  4.27   5495
2  138974   1.22    Premium     H     VS2   61.9   58.0  6.88  6.84  4.24   5871
3    4759   0.50      Ideal     E     SI1   60.0   56.0  5.13  5.16  3.09   1377
4  153766   0.30  Very Good     D    VVS2   62.4   55.0  4.34  4.35  2.71    754
[ 2023-06-13 15:57:23,052 ] 82 root - INFO - Obtaining preprocessing object
[ 2023-06-13 15:57:23,052 ] 27 root - INFO - Data Transformation initiated
[ 2023-06-13 15:57:23,052 ] 37 root - INFO - Pipeline Initiated
[ 2023-06-13 15:57:23,286 ] 99 root - INFO - Applying preprocessing object on training and testing datasets.
[ 2023-06-13 15:57:23,293 ] 111 root - INFO - Preprocessor pickle file saved
[ 2023-06-13 15:57:23,294 ] 120 root - INFO - Exception occured in the initiate_datatransformation
