[ 2023-06-13 16:01:17,828 ] 23 root - INFO - data ingestion methods starts
[ 2023-06-13 16:01:25,092 ] 27 root - INFO - dataset read as pandas DataFrame
[ 2023-06-13 16:01:25,811 ] 31 root - INFO - train test split
[ 2023-06-13 16:01:26,611 ] 37 root - INFO - Ingestion of data is completed
[ 2023-06-13 16:01:26,790 ] 78 root - INFO - Read train and test data completed
[ 2023-06-13 16:01:26,795 ] 79 root - INFO - Train Dataframe Head : 
   Unnamed: 0      id  carat        cut color clarity  depth  table     x     y     z  price
0      129185  129185   0.70      Ideal     F     SI1   61.8   57.0  5.63  5.69  3.50   2319
1       52057   52057   0.30    Premium     G     VS1   62.4   58.0  4.30  4.26  2.66    776
2      169552  169552   0.71      Ideal     I    VVS1   62.4   55.0  5.70  5.68  3.55   2569
3       91933   91933   0.70  Very Good     F     SI1   60.7   60.0  5.71  5.69  3.46   1998
4       97640   97640   0.71    Premium     G     VS1   61.0   59.0  5.79  5.75  3.51   2863
[ 2023-06-13 16:01:26,798 ] 80 root - INFO - Test Dataframe Head  : 
       id  carat        cut color clarity  depth  table     x     y     z  price
0   48564   0.55      Ideal     D     VS1   62.1   55.0  5.28  5.25  3.26   1990
1   28852   0.50       Good     F     VS2   64.9   57.0  4.98  4.94  3.22   1280
2  178927   1.06  Very Good     G     SI1   59.2   61.0  6.64  6.68  3.93   4900
3   14718   0.40      Ideal     E     VS1   62.2   57.0  4.72  4.77  2.95   1125
4  103277   0.56      Ideal     F     VS2   61.8   54.0  5.34  5.36  3.30   1814
[ 2023-06-13 16:01:26,798 ] 82 root - INFO - Obtaining preprocessing object
[ 2023-06-13 16:01:26,798 ] 27 root - INFO - Data Transformation initiated
[ 2023-06-13 16:01:26,798 ] 37 root - INFO - Pipeline Initiated
[ 2023-06-13 16:01:27,013 ] 99 root - INFO - Applying preprocessing object on training and testing datasets.
[ 2023-06-13 16:01:27,019 ] 120 root - INFO - Exception occured in the initiate_datatransformation
