[ 2023-06-13 21:10:49,147 ] 23 root - INFO - data ingestion methods starts
[ 2023-06-13 21:10:50,732 ] 27 root - INFO - dataset read as pandas DataFrame
[ 2023-06-13 21:10:51,424 ] 31 root - INFO - train test split
[ 2023-06-13 21:10:52,207 ] 37 root - INFO - Ingestion of data is completed
[ 2023-06-13 21:10:52,378 ] 78 root - INFO - Read train and test data completed
[ 2023-06-13 21:10:52,393 ] 79 root - INFO - Train Dataframe Head : 
   Unnamed: 0      id  carat        cut color clarity  depth  table     x     y     z  price
0       94743   94743   1.01  Very Good     H     SI1   63.0   58.0  6.34  6.41  4.01   4972
1      138897  138897   1.02  Very Good     F     VS1   59.8   59.0  6.60  6.54  3.93   8165
2       17262   17262   0.31      Ideal     G     VS2   62.4   54.0  4.32  4.36  2.71    571
3       16698   16698   2.01       Fair     H     SI1   58.7   58.0  8.37  8.28  4.84  14502
4      189672  189672   0.30      Ideal     F     VS1   62.1   55.0  4.32  4.35  2.69    640
[ 2023-06-13 21:10:52,393 ] 80 root - INFO - Test Dataframe Head  : 
       id  carat        cut color clarity  depth  table     x     y     z  price
0   33829   2.00  Very Good     G     SI2   62.1   61.0  8.01  7.96  4.94  14752
1   83566   0.70  Very Good     H     VS1   62.4   57.0  5.68  5.72  3.55   2302
2   65827   0.33      Ideal     D     VS2   61.8   55.0  4.47  4.46  2.76    687
3   27962   0.63  Very Good     D    VVS2   61.0   57.0  5.53  5.59  3.38   3832
4  145296   0.33      Ideal     D     VS2   61.6   56.0  4.46  4.43  2.74    758
[ 2023-06-13 21:10:52,393 ] 82 root - INFO - Obtaining preprocessing object
[ 2023-06-13 21:10:52,393 ] 27 root - INFO - Data Transformation initiated
[ 2023-06-13 21:10:52,393 ] 37 root - INFO - Pipeline Initiated
[ 2023-06-13 21:10:52,615 ] 99 root - INFO - Applying preprocessing object on training and testing datasets.
[ 2023-06-13 21:10:52,631 ] 111 root - INFO - Preprocessor pickle file saved
[ 2023-06-13 21:10:52,631 ] 26 root - INFO - splitting the dependent and independent variables from train and test
[ 2023-06-13 21:10:53,142 ] 44 root - INFO - model report :{'LinearRegression': 0.9360479810477316, 'Lasso': 0.9360177489910971, 'Ridge': 0.9360487858368203, 'ElasticNet': 0.8541582502523429}
[ 2023-06-13 21:10:53,142 ] 57 root - INFO - Best Model Found , Model Name : Ridge , R2 Score : 0.9360487858368203
