[ 2023-06-13 16:10:02,126 ] 23 root - INFO - data ingestion methods starts
[ 2023-06-13 16:10:20,069 ] 27 root - INFO - dataset read as pandas DataFrame
[ 2023-06-13 16:10:20,812 ] 31 root - INFO - train test split
[ 2023-06-13 16:10:21,651 ] 37 root - INFO - Ingestion of data is completed
[ 2023-06-13 16:10:21,825 ] 78 root - INFO - Read train and test data completed
[ 2023-06-13 16:10:21,832 ] 79 root - INFO - Train Dataframe Head : 
   Unnamed: 0      id  carat        cut color clarity  depth  table     x     y     z  price
0      165075  165075   0.70      Ideal     F     SI1   61.8   57.0  5.69  5.71  3.52   2573
1      157835  157835   0.30      Ideal     H    VVS1   62.2   54.0  4.30  4.33  2.68    684
2       87023   87023   1.01  Very Good     G     SI2   62.1   61.0  6.34  6.39  3.96   3950
3       18819   18819   0.72      Ideal     G     VS2   61.8   57.0  5.77  5.74  3.55   2692
4      142759  142759   1.00    Premium     F     VS2   60.8   58.0  6.44  6.39  3.90   7500
[ 2023-06-13 16:10:21,841 ] 80 root - INFO - Test Dataframe Head  : 
       id  carat      cut color clarity  depth  table     x     y     z  price
0  180119   0.40  Premium     E     SI1   61.3   58.0  4.75  4.79  2.92    945
1  103601   0.70  Premium     F     SI2   61.9   58.0  5.67  5.74  3.53   2307
2  100534   0.31     Good     F     VS2   62.2   61.0  4.36  4.34  2.71    625
3  168281   0.32    Ideal     H     VS1   62.3   54.0  4.41  4.41  2.75    561
4   43433   0.39  Premium     F     VS2   62.8   60.0  4.65  4.61  2.92   1024
[ 2023-06-13 16:10:21,841 ] 82 root - INFO - Obtaining preprocessing object
[ 2023-06-13 16:10:21,841 ] 27 root - INFO - Data Transformation initiated
[ 2023-06-13 16:10:21,841 ] 37 root - INFO - Pipeline Initiated
[ 2023-06-13 16:10:22,071 ] 99 root - INFO - Applying preprocessing object on training and testing datasets.
[ 2023-06-13 16:10:22,086 ] 111 root - INFO - Preprocessor pickle file saved
